<?xml version="1.0" encoding="UTF-8"?>
<!-- Generated by org.testng.reporters.JUnitReportReporter -->
<testsuite skipped="0" hostname="RCAS002" name="Test.GoogleSearchPageTest_TestNG" tests="1" failures="0" timestamp="18 Jun 2019 09:13:26 GMT" time="10.432" errors="0">
  <testcase name="GoogleSearch" time="10.432" classname="Test.GoogleSearchPageTest_TestNG"/>
</testsuite> <!-- Test.GoogleSearchPageTest_TestNG -->
