<?xml version="1.0" encoding="UTF-8"?>
<!-- Generated by org.testng.reporters.JUnitReportReporter -->
<testsuite skipped="0" hostname="RCAS002" name="Test.Extent" tests="1" failures="0" timestamp="12 Jun 2019 07:29:27 GMT" time="5.121" errors="0">
  <testcase name="test1" time="5.121" classname="Test.Extent"/>
</testsuite> <!-- Test.Extent -->
